-------------------------------------------------------------------------------
Test set: com.yutadd.CafeKounoBackApplicationTests
-------------------------------------------------------------------------------
Tests run: 1, Failures: 0, Errors: 1, Skipped: 0, Time elapsed: 10.076 s <<< FAILURE! - in com.yutadd.CafeKounoBackApplicationTests
contextLoads  Time elapsed: 0.008 s  <<< ERROR!
java.lang.IllegalStateException: Failed to load ApplicationContext for [WebMergedContextConfiguration@1cfa7ee0 testClass = com.yutadd.CafeKounoBackApplicationTests, locations = [], classes = [com.yutadd.CafeKounoBackApplication], contextInitializerClasses = [], activeProfiles = [], propertySourceLocations = [], propertySourceProperties = ["org.springframework.boot.test.context.SpringBootTestContextBootstrapper=true"], contextCustomizers = [org.springframework.boot.test.context.filter.ExcludeFilterContextCustomizer@506ae4d4, org.springframework.boot.test.json.DuplicateJsonObjectContextCustomizerFactory$DuplicateJsonObjectContextCustomizer@52b1beb6, org.springframework.boot.test.mock.mockito.MockitoContextCustomizer@0, org.springframework.boot.test.web.client.TestRestTemplateContextCustomizer@6221a451, org.springframework.boot.test.autoconfigure.actuate.observability.ObservabilityContextCustomizerFactory$DisableObservabilityContextCustomizer@9da1, org.springframework.boot.test.autoconfigure.properties.PropertyMappingContextCustomizer@0, org.springframework.boot.test.autoconfigure.web.servlet.WebDriverContextCustomizerFactory$Customizer@2ddc9a9f, org.springframework.boot.test.context.SpringBootTestAnnotation@f976d699], resourceBasePath = "src/main/webapp", contextLoader = org.springframework.boot.test.context.SpringBootContextLoader, parent = null]
Caused by: org.springframework.beans.factory.UnsatisfiedDependencyException: Error creating bean with name 'cafeController': Unsatisfied dependency expressed through field 'oServ': Error creating bean with name 'orderService': Unsatisfied dependency expressed through field 'oRepo': Error creating bean with name 'orderRepository' defined in com.yutadd.repository.OrderRepository defined in @EnableJpaRepositories declared on JpaRepositoriesRegistrar.EnableJpaRepositoriesConfiguration: Could not create query for public abstract java.util.List com.yutadd.repository.OrderRepository.findByOrderId(java.lang.String); Reason: Failed to create query for method public abstract java.util.List com.yutadd.repository.OrderRepository.findByOrderId(java.lang.String); No property 'orderId' found for type 'OrderModel' Did you mean ''orderid''
Caused by: org.springframework.beans.factory.UnsatisfiedDependencyException: Error creating bean with name 'orderService': Unsatisfied dependency expressed through field 'oRepo': Error creating bean with name 'orderRepository' defined in com.yutadd.repository.OrderRepository defined in @EnableJpaRepositories declared on JpaRepositoriesRegistrar.EnableJpaRepositoriesConfiguration: Could not create query for public abstract java.util.List com.yutadd.repository.OrderRepository.findByOrderId(java.lang.String); Reason: Failed to create query for method public abstract java.util.List com.yutadd.repository.OrderRepository.findByOrderId(java.lang.String); No property 'orderId' found for type 'OrderModel' Did you mean ''orderid''
Caused by: org.springframework.beans.factory.BeanCreationException: Error creating bean with name 'orderRepository' defined in com.yutadd.repository.OrderRepository defined in @EnableJpaRepositories declared on JpaRepositoriesRegistrar.EnableJpaRepositoriesConfiguration: Could not create query for public abstract java.util.List com.yutadd.repository.OrderRepository.findByOrderId(java.lang.String); Reason: Failed to create query for method public abstract java.util.List com.yutadd.repository.OrderRepository.findByOrderId(java.lang.String); No property 'orderId' found for type 'OrderModel' Did you mean ''orderid''
Caused by: org.springframework.data.repository.query.QueryCreationException: Could not create query for public abstract java.util.List com.yutadd.repository.OrderRepository.findByOrderId(java.lang.String); Reason: Failed to create query for method public abstract java.util.List com.yutadd.repository.OrderRepository.findByOrderId(java.lang.String); No property 'orderId' found for type 'OrderModel' Did you mean ''orderid''
Caused by: java.lang.IllegalArgumentException: Failed to create query for method public abstract java.util.List com.yutadd.repository.OrderRepository.findByOrderId(java.lang.String); No property 'orderId' found for type 'OrderModel' Did you mean ''orderid''
Caused by: org.springframework.data.mapping.PropertyReferenceException: No property 'orderId' found for type 'OrderModel' Did you mean ''orderid''

